<?xml version="1.0" encoding="UTF-8" ?>
<testsuite failures="0" time="0.002" errors="0" skipped="0" tests="1" name="com.weltec.lunchbox.LunchBoxServices.AppTest">
  <properties>
    <property name="java.vendor" value="IBM Corporation"/>
    <property name="sun.java.launcher" value="SUN_STANDARD"/>
    <property name="os.name" value="Windows 10"/>
    <property name="sun.boot.class.path" value="C:\Program Files\IBM\SDP_1\jdk\jre\lib\endorsed\jaxws-api.jar;C:\Program Files\IBM\SDP_1\jdk\jre\lib\endorsed\jaxb-api.jar;C:\Program Files\IBM\SDP_1\jdk\jre\lib\endorsed\javax.j2ee.annotation.jar;C:\Program Files\IBM\SDP_1\jdk\jre\bin\compressedrefs\jclSC170\vm.jar;C:\Program Files\IBM\SDP_1\jdk\jre\lib\se-service.jar;C:\Program Files\IBM\SDP_1\jdk\jre\lib\math.jar;C:\Program Files\IBM\SDP_1\jdk\jre\lib\jlm.jar;C:\Program Files\IBM\SDP_1\jdk\jre\lib\ibmorb.jar;C:\Program Files\IBM\SDP_1\jdk\jre\lib\ibmorbapi.jar;C:\Program Files\IBM\SDP_1\jdk\jre\lib\ibmcfw.jar;C:\Program Files\IBM\SDP_1\jdk\jre\lib\ibmpkcs.jar;C:\Program Files\IBM\SDP_1\jdk\jre\lib\ibmcertpathfw.jar;C:\Program Files\IBM\SDP_1\jdk\jre\lib\ibmjgssfw.jar;C:\Program Files\IBM\SDP_1\jdk\jre\lib\ibmjssefw.jar;C:\Program Files\IBM\SDP_1\jdk\jre\lib\ibmsaslfw.jar;C:\Program Files\IBM\SDP_1\jdk\jre\lib\ibmjcefw.jar;C:\Program Files\IBM\SDP_1\jdk\jre\lib\ibmjgssprovider.jar;C:\Program Files\IBM\SDP_1\jdk\jre\lib\ibmjsseprovider2.jar;C:\Program Files\IBM\SDP_1\jdk\jre\lib\ibmcertpathprovider.jar;C:\Program Files\IBM\SDP_1\jdk\jre\lib\xmldsigfw.jar;C:\Program Files\IBM\SDP_1\jdk\jre\lib\xml.jar;C:\Program Files\IBM\SDP_1\jdk\jre\lib\charsets.jar;C:\Program Files\IBM\SDP_1\jdk\jre\lib\resources.jar;C:\Program Files\IBM\SDP_1\jdk\jre\lib\rt.jar;C:\Program Files\IBM\SDP_1\jdk\jre\lib\ibmgpu.jar"/>
    <property name="sun.desktop" value="windows"/>
    <property name="java.vm.specification.vendor" value="Oracle Corporation"/>
    <property name="java.runtime.version" value="pwa6470sr9fp50-20160720_02 (SR9 FP50)"/>
    <property name="user.name" value="Owner"/>
    <property name="java.compiler" value="j9jit26"/>
    <property name="os.encoding" value="UTF8"/>
    <property name="guice.disable.misplaced.annotation.check" value="true"/>
    <property name="com.ibm.util.extralibs.properties" value=""/>
    <property name="com.ibm.jcl.checkClassPath" value=""/>
    <property name="user.language" value="en"/>
    <property name="com.ibm.oti.vm.bootstrap.library.path" value="C:\Program Files\IBM\SDP_1\jdk\jre\bin\compressedrefs;C:\Program Files\IBM\SDP_1\jdk\jre\bin"/>
    <property name="sun.boot.library.path" value="C:\Program Files\IBM\SDP_1\jdk\jre\bin\compressedrefs;C:\Program Files\IBM\SDP_1\jdk\jre\bin"/>
    <property name="classworlds.conf" value="C:\Users\Owner\IBM\workspace\cust\.metadata\.plugins\org.eclipse.m2e.launching\launches\m2conf4251136117859639395.tmp"/>
    <property name="java.version" value="1.7.0"/>
    <property name="user.timezone" value="Pacific/Auckland"/>
    <property name="com.ibm.system.agent.path" value="C:\Program Files\IBM\SDP_1\jdk\jre\bin"/>
    <property name="sun.arch.data.model" value="64"/>
    <property name="com.ibm.zero.version" value="2"/>
    <property name="java.endorsed.dirs" value="C:\Program Files\IBM\SDP_1\jdk\jre\lib\endorsed"/>
    <property name="com.ibm.oti.vm.library.version" value="26"/>
    <property name="sun.jnu.encoding" value="Cp1252"/>
    <property name="file.encoding.pkg" value="sun.io"/>
    <property name="jxe.current.romimage.version" value="17"/>
    <property name="file.separator" value="\"/>
    <property name="java.specification.name" value="Java Platform API Specification"/>
    <property name="java.class.version" value="51.0"/>
    <property name="user.country" value="NZ"/>
    <property name="java.home" value="C:\Program Files\IBM\SDP_1\jdk\jre"/>
    <property name="java.vm.info" value="JRE 1.7.0 Windows 10 amd64-64 Compressed References 20160630_309948 (JIT enabled, AOT enabled)
J9VM - R26_Java726_SR9_20160630_1817_B309948
JIT  - tr.r11_20160630_120374
GC   - R26_Java726_SR9_20160630_1817_B309948_CMPRSS
J9CL - 20160630_309948"/>
    <property name="os.version" value="10.0"/>
    <property name="path.separator" value=";"/>
    <property name="java.vm.version" value="2.6"/>
    <property name="user.variant" value=""/>
    <property name="java.awt.printerjob" value="sun.awt.windows.WPrinterJob"/>
    <property name="sun.io.unicode.encoding" value="UnicodeLittle"/>
    <property name="awt.toolkit" value="sun.awt.windows.WToolkit"/>
    <property name="ibm.signalhandling.sigint" value="true"/>
    <property name="user.home" value="C:\Users\Owner"/>
    <property name="com.ibm.cpu.endian" value="little"/>
    <property name="java.specification.vendor" value="Oracle Corporation"/>
    <property name="ibm.signalhandling.sigchain" value="true"/>
    <property name="java.library.path" value="C:\Program Files\IBM\SDP_1\jdk\jre\bin\compressedrefs;C:\Program Files\IBM\SDP_1\jdk\jre\bin;C:\WINDOWS\system32;C:\WINDOWS;C:\oraclexe\app\oracle\product\11.2.0\server\bin;;C:\app\orauser\product\12.1.0\dbhome_1\bin;C:\app\Owner\product\11.2.0\dbhome_2\bin;C:\app\Owner\product\11.2.0\dbhome_1\bin;C:\oraclexe\app\oracle\product\11.2.0\server\bin;C:\ProgramData\Oracle\Java\javapath;C:\app\oraashok\product\12.1.0\dbhome_1\bin;C:\app\oraashok\product\1210\dbhome_1\bin;C:\Program Files (x86)\Intel\iCLS Client\;C:\Program Files\Intel\iCLS Client\;C:\WINDOWS\system32;C:\WINDOWS;C:\WINDOWS\System32\Wbem;C:\WINDOWS\System32\WindowsPowerShell\v1.0\;C:\Program Files (x86)\Windows Live\Shared;C:\Program Files\Intel\Intel(R) Management Engine Components\DAL;C:\Program Files\Intel\Intel(R) Management Engine Components\IPT;C:\Program Files (x86)\Intel\Intel(R) Management Engine Components\DAL;C:\Program Files (x86)\Intel\Intel(R) Management Engine Components\IPT;C:\Program Files\Hewlett-Packard\SimplePass\;c:\Program Files\Intel\WiFi\bin\;c:\Program Files\Common Files\Intel\WirelessCommon\;C:\Program Files\Microsoft SQL Server\110\Tools\Binn\;C:\Program Files (x86)\Microsoft SDKs\TypeScript\1.0\;C:\Program Files\Microsoft SQL Server\120\Tools\Binn\;C:\WINDOWS\system32\config\systemprofile\.dnx\bin;C:\Program Files\Microsoft DNX\Dnvm\;C:\Program Files\Microsoft SQL Server\130\Tools\Binn\;C:\Program Files (x86)\Windows Kits\10\Windows Performance Toolkit\;C:\Program Files (x86)\GtkSharp\2.12\bin;C:\angular\nodejs\;C:\Program Files\Git\cmd;c:\Program Files\Intel\WiFi\bin\;c:\Program Files\Common Files\Intel\WirelessCommon\;C:\Program Files (x86)\Microsoft VS Code\bin;C:\Users\Owner\AppData\Local\Microsoft\WindowsApps;C:\Users\Owner\AppData\Roaming\npm;."/>
    <property name="java.vendor.url" value="http://www.ibm.com/"/>
    <property name="java.vm.vendor" value="IBM Corporation"/>
    <property name="java.fullversion" value="JRE 1.7.0 IBM J9 2.6 Windows 10 amd64-64 Compressed References 20160630_309948 (JIT enabled, AOT enabled)
J9VM - R26_Java726_SR9_20160630_1817_B309948
JIT  - tr.r11_20160630_120374
GC   - R26_Java726_SR9_20160630_1817_B309948_CMPRSS
J9CL - 20160630_309948"/>
    <property name="maven.home" value="C:\Users\Owner\IBM\workspace\cust\LunchBoxServices\EMBEDDED"/>
    <property name="java.runtime.name" value="Java(TM) SE Runtime Environment"/>
    <property name="sun.java.command" value="org.codehaus.plexus.classworlds.launcher.Launcher -B install"/>
    <property name="java.class.path" value="/C:/Program Files/IBM/IBMIMShared/plugins/org.eclipse.m2e.maven.runtime_1.4.0.20130531-2315/jars/plexus-classworlds-2.4.jar"/>
    <property name="java.vm.specification.name" value="Java Virtual Machine Specification"/>
    <property name="java.vm.specification.version" value="1.7"/>
    <property name="sun.cpu.endian" value="little"/>
    <property name="java.io.tmpdir" value="C:\Users\Owner\AppData\Local\Temp\"/>
    <property name="ibm.system.encoding" value="Cp1252"/>
    <property name="os.arch" value="amd64"/>
    <property name="java.awt.graphicsenv" value="sun.awt.Win32GraphicsEnvironment"/>
    <property name="ibm.signalhandling.rs" value="false"/>
    <property name="java.ext.dirs" value="C:\Program Files\IBM\SDP_1\jdk\jre\lib\ext"/>
    <property name="user.dir" value="C:\Users\Owner\IBM\workspace\cust\LunchBoxServices"/>
    <property name="line.separator" value="
"/>
    <property name="java.vm.name" value="IBM J9 VM"/>
    <property name="com.ibm.oti.shared.enabled" value="false"/>
    <property name="com.ibm.vm.bitmode" value="64"/>
    <property name="jxe.lowest.romimage.version" value="17"/>
    <property name="file.encoding" value="Cp1252"/>
    <property name="com.ibm.oti.configuration" value="scar"/>
    <property name="com.ibm.oti.jcl.build" value="20160630_309948"/>
    <property name="java.specification.version" value="1.7"/>
    <property name="maven.bootclasspath" value="/C:/Program Files/IBM/IBMIMShared/plugins/org.eclipse.m2e.maven.runtime_1.4.0.20130531-2315/jars/plexus-classworlds-2.4.jar"/>
  </properties>
  <testcase time="0.001" classname="com.weltec.lunchbox.LunchBoxServices.AppTest" name="testApp"/>
</testsuite>